<?xml version="1.0" encoding="UTF-8"?>
<!-- Generated by org.testng.reporters.JUnitReportReporter -->
<testsuite skipped="0" hostname="KGAURAV03" name="com.testcases.TestCase" tests="1" failures="0" timestamp="23 Aug 2020 17:20:12 GMT" time="29.824" errors="0">
  <testcase name="nc_Buy_tablet" time="29.824" classname="com.testcases.TestCase"/>
</testsuite> <!-- com.testcases.TestCase -->
