<?xml version="1.0" encoding="UTF-8"?>
<!-- Generated by org.testng.reporters.JUnitReportReporter -->
<testsuite skipped="0" hostname="KGAURAV03" name="com.testcases.TestCase" tests="1" failures="0" timestamp="24 Aug 2020 06:15:11 GMT" time="37.901" errors="0">
  <testcase name="nc_Buy_tablet" time="37.901" classname="com.testcases.TestCase"/>
</testsuite> <!-- com.testcases.TestCase -->
